[debug] [2023-09-22T14:27:27.223Z] ----------------------------------------------------------------------
[debug] [2023-09-22T14:27:27.228Z] Command:       C:\Program Files\nodejs\node.exe C:\Users\zayna\AppData\Roaming\npm\node_modules\firebase-tools\lib\bin\firebase.js init
[debug] [2023-09-22T14:27:27.228Z] CLI Version:   12.5.4
[debug] [2023-09-22T14:27:27.229Z] Platform:      win32
[debug] [2023-09-22T14:27:27.229Z] Node Version:  v20.6.1
[debug] [2023-09-22T14:27:27.229Z] Time:          Fri Sep 22 2023 19:57:27 GMT+0530 (India Standard Time)
[debug] [2023-09-22T14:27:27.229Z] ----------------------------------------------------------------------
[debug] 
[debug] [2023-09-22T14:27:27.365Z] > command requires scopes: ["email","openid","https://www.googleapis.com/auth/cloudplatformprojects.readonly","https://www.googleapis.com/auth/firebase","https://www.googleapis.com/auth/cloud-platform"]
[debug] [2023-09-22T14:27:27.365Z] > authorizing via signed-in user (kaamwaliid69@gmail.com)
[info] 
     ######## #### ########  ######## ########     ###     ######  ########
     ##        ##  ##     ## ##       ##     ##  ##   ##  ##       ##
     ######    ##  ########  ######   ########  #########  ######  ######
     ##        ##  ##    ##  ##       ##     ## ##     ##       ## ##
     ##       #### ##     ## ######## ########  ##     ##  ######  ########

You're about to initialize a Firebase project in this directory:

  D:\Project\career-guidance-website

Before we get started, keep in mind:

  * You are initializing within an existing Firebase project directory

[info] 
=== Project Setup
[info] 
[info] First, let's associate this project directory with a Firebase project.
[info] You can create multiple project aliases by running firebase use --add, 
[info] but for now we'll just set up a default project.
[info] 
[debug] [2023-09-22T14:27:42.977Z] Using project from CLI flag: career-guidance-system-39db7
[debug] [2023-09-22T14:27:42.980Z] >>> [apiv2][query] GET https://firebase.googleapis.com/v1beta1/projects/career-guidance-system-39db7 [none]
[debug] [2023-09-22T14:27:43.523Z] <<< [apiv2][status] GET https://firebase.googleapis.com/v1beta1/projects/career-guidance-system-39db7 200
[debug] [2023-09-22T14:27:43.524Z] <<< [apiv2][body] GET https://firebase.googleapis.com/v1beta1/projects/career-guidance-system-39db7 {"projectId":"career-guidance-system-39db7","projectNumber":"277203766624","displayName":"career-guidance-system","name":"projects/career-guidance-system-39db7","resources":{"hostingSite":"career-guidance-system-39db7","realtimeDatabaseInstance":"career-guidance-system-39db7-default-rtdb"},"state":"ACTIVE","etag":"1_6013b16e-7543-40bc-8373-32324fad077b"}
[info] i  Using project career-guidance-system-39db7 (career-guidance-system) 
[info] 
=== Hosting Setup
[info] 
[info] Your public directory is the folder (relative to your project directory) that
[info] will contain Hosting assets to be uploaded with firebase deploy. If you
[info] have a build process for your assets, use your build's output directory.
[info] 
[debug] [2023-09-22T14:28:00.703Z] >>> [apiv2][query] GET https://www.gstatic.com/firebasejs/releases.json [none]
[debug] [2023-09-22T14:28:00.822Z] <<< [apiv2][status] GET https://www.gstatic.com/firebasejs/releases.json 200
[debug] [2023-09-22T14:28:00.823Z] <<< [apiv2][body] GET https://www.gstatic.com/firebasejs/releases.json {"current":{"version":"10.4.0","browserURL":"https://www.gstatic.com/firebasejs/10.4.0/firebase.js","packageURL":"https://www.gstatic.com/firebasejs/10.4.0/firebase.tgz"},"live":{"version":"10.4","browserURL":"https://www.gstatic.com/firebasejs/live/10.4/firebase.js","packageURL":"https://www.gstatic.com/firebasejs/live/10.4/firebase.tgz"},"components":{"analytics":"https://www.gstatic.com/firebasejs/10.4.0/firebase-analytics.js","app":"https://www.gstatic.com/firebasejs/10.4.0/firebase-app.js","app-check":"https://www.gstatic.com/firebasejs/10.4.0/firebase-app-check.js","auth":"https://www.gstatic.com/firebasejs/10.4.0/firebase-auth.js","auth/cordova":"https://www.gstatic.com/firebasejs/10.4.0/firebase-auth/cordova.js","functions":"https://www.gstatic.com/firebasejs/10.4.0/firebase-functions.js","firestore":"https://www.gstatic.com/firebasejs/10.4.0/firebase-firestore.js","firestore/lite":"https://www.gstatic.com/firebasejs/10.4.0/firebase-firestore/lite.js","installations":"https://www.gstatic.com/firebasejs/10.4.0/firebase-installations.js","storage":"https://www.gstatic.com/firebasejs/10.4.0/firebase-storage.js","performance":"https://www.gstatic.com/firebasejs/10.4.0/firebase-performance.js","remote-config":"https://www.gstatic.com/firebasejs/10.4.0/firebase-remote-config.js","messaging":"https://www.gstatic.com/firebasejs/10.4.0/firebase-messaging.js","messaging/sw":"https://www.gstatic.com/firebasejs/10.4.0/firebase-messaging/sw.js","database":"https://www.gstatic.com/firebasejs/10.4.0/firebase-database.js","firestore.memory":"https://www.gstatic.com/firebasejs/10.4.0/firebase-firestore.memory.js"}}
[info] +  Wrote public/index.html 
[info] 
[info] i  Didn't detect a .git folder. Assuming D:\Project\career-guidance-website is the project root. 
[info] i  Authorizing with GitHub to upload your service account to a GitHub repository's secrets store. 
[info] 
[info] Visit this URL on this device to log in:
[info] https://github.com/login/oauth/authorize?client_id=89cf50f02ac6aaed3484&state=236634243&redirect_uri=http%3A%2F%2Flocalhost%3A9005&scope=read%3Auser%20repo%20public_repo
[info] 
[info] Waiting for authentication...
[debug] [2023-09-22T14:28:17.911Z] >>> [apiv2][query] POST https://github.com/login/oauth/access_token [none]
[debug] [2023-09-22T14:28:17.911Z] >>> [apiv2][body] POST https://github.com/login/oauth/access_token [stream]
[debug] [2023-09-22T14:28:18.278Z] <<< [apiv2][status] POST https://github.com/login/oauth/access_token 200
[debug] [2023-09-22T14:28:18.278Z] <<< [apiv2][body] POST https://github.com/login/oauth/access_token {"access_token":"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","token_type":"bearer","scope":"read:user,repo"}
[debug] [2023-09-22T14:28:18.294Z] >>> [apiv2][query] GET https://api.github.com/user [none]
[debug] [2023-09-22T14:28:18.688Z] <<< [apiv2][status] GET https://api.github.com/user 200
[debug] [2023-09-22T14:28:18.688Z] <<< [apiv2][body] GET https://api.github.com/user {"login":"kaamwaliid","id":144062055,"node_id":"U_kgDOCJY2Zw","avatar_url":"https://avatars.githubusercontent.com/u/144062055?v=4","gravatar_id":"","url":"https://api.github.com/users/kaamwaliid","html_url":"https://github.com/kaamwaliid","followers_url":"https://api.github.com/users/kaamwaliid/followers","following_url":"https://api.github.com/users/kaamwaliid/following{/other_user}","gists_url":"https://api.github.com/users/kaamwaliid/gists{/gist_id}","starred_url":"https://api.github.com/users/kaamwaliid/starred{/owner}{/repo}","subscriptions_url":"https://api.github.com/users/kaamwaliid/subscriptions","organizations_url":"https://api.github.com/users/kaamwaliid/orgs","repos_url":"https://api.github.com/users/kaamwaliid/repos","events_url":"https://api.github.com/users/kaamwaliid/events{/privacy}","received_events_url":"https://api.github.com/users/kaamwaliid/received_events","type":"User","site_admin":false,"name":null,"company":null,"blog":"","location":null,"email":null,"hireable":null,"bio":null,"twitter_username":null,"public_repos":0,"public_gists":0,"followers":0,"following":0,"created_at":"2023-09-04T19:42:21Z","updated_at":"2023-09-15T16:12:56Z","private_gists":0,"total_private_repos":0,"owned_private_repos":0,"disk_usage":0,"collaborators":0,"two_factor_authentication":false,"plan":{"name":"free","space":976562499,"collaborators":0,"private_repos":10000}}
[info] 
[info] +  Success! Logged into GitHub as kaamwaliid 
[info] 
[debug] [2023-09-22T14:28:35.630Z] >>> [apiv2][query] GET https://api.github.com/repos/cgs/actions/secrets/public-key type=owner
[debug] [2023-09-22T14:28:35.970Z] <<< [apiv2][status] GET https://api.github.com/repos/cgs/actions/secrets/public-key 404
[debug] [2023-09-22T14:28:35.970Z] <<< [apiv2][body] GET https://api.github.com/repos/cgs/actions/secrets/public-key {"message":"Not Found","documentation_url":"https://docs.github.com/rest"}
[info] 
[info] 
[error] !  The provided authorization cannot be used with this repository. If this repository is in an organization, did you remember to grant access? 
[info] 
[info] i  Action required: Visit this URL to ensure access has been granted to the appropriate organization(s) for the Firebase CLI GitHub OAuth App: 
[info] https://github.com/settings/connections/applications/89cf50f02ac6aaed3484
[info] 
[debug] [2023-09-22T14:28:37.789Z] >>> [apiv2][query] GET https://api.github.com/repos/cgs/actions/secrets/public-key type=owner
[debug] [2023-09-22T14:28:38.081Z] <<< [apiv2][status] GET https://api.github.com/repos/cgs/actions/secrets/public-key 404
[debug] [2023-09-22T14:28:38.081Z] <<< [apiv2][body] GET https://api.github.com/repos/cgs/actions/secrets/public-key {"message":"Not Found","documentation_url":"https://docs.github.com/rest"}
[info] 
[info] 
[error] !  The provided authorization cannot be used with this repository. If this repository is in an organization, did you remember to grant access? 
[info] 
[info] i  Action required: Visit this URL to ensure access has been granted to the appropriate organization(s) for the Firebase CLI GitHub OAuth App: 
[info] https://github.com/settings/connections/applications/89cf50f02ac6aaed3484
[info] 
